<?xml version="1.0" encoding="UTF-8"?>
<testng-results ignored="0" total="1" passed="1" failed="0" skipped="0">
  <reporter-output>
  </reporter-output>
  <suite started-at="2022-07-19T10:34:55 IST" name="Default suite" finished-at="2022-07-19T10:35:31 IST" duration-ms="36227">
    <groups>
    </groups>
    <test started-at="2022-07-19T10:34:55 IST" name="Default test" finished-at="2022-07-19T10:35:31 IST" duration-ms="36227">
      <class name="POM.Test_cases">
        <test-method is-config="true" signature="initialize()[pri:0, instance:POM.Test_cases@2f217633]" started-at="2022-07-19T10:34:55 IST" name="initialize" finished-at="2022-07-19T10:35:12 IST" duration-ms="16494" status="PASS">
          <reporter-output>
          </reporter-output>
        </test-method> <!-- initialize -->
        <test-method signature="gettingwebsite()[pri:0, instance:POM.Test_cases@2f217633]" started-at="2022-07-19T10:35:12 IST" name="gettingwebsite" finished-at="2022-07-19T10:35:31 IST" duration-ms="19000" status="PASS">
          <reporter-output>
          </reporter-output>
        </test-method> <!-- gettingwebsite -->
        <test-method is-config="true" signature="teardown()[pri:0, instance:POM.Test_cases@2f217633]" started-at="2022-07-19T10:35:31 IST" name="teardown" finished-at="2022-07-19T10:35:31 IST" duration-ms="680" status="PASS">
          <reporter-output>
          </reporter-output>
        </test-method> <!-- teardown -->
      </class> <!-- POM.Test_cases -->
    </test> <!-- Default test -->
  </suite> <!-- Default suite -->
</testng-results>
